#
# There is insufficient memory for the Java Runtime Environment to continue.
# Native memory allocation (mmap) failed to map 130023424 bytes for Failed to commit area from 0x0000000084400000 to 0x000000008c000000 of length 130023424.
# Possible reasons:
#   The system is out of physical RAM or swap space
#   The process is running with CompressedOops enabled, and the Java Heap may be blocking the growth of the native heap
# Possible solutions:
#   Reduce memory load on the system
#   Increase physical memory or swap space
#   Check if swap backing store is full
#   Decrease Java heap size (-Xmx/-Xms)
#   Decrease number of Java threads
#   Decrease Java thread stack sizes (-Xss)
#   Set larger code cache with -XX:ReservedCodeCacheSize=
# This output file may be truncated or incomplete.
#
#  Out of Memory Error (./src/hotspot/os/windows/os_windows.cpp:3380), pid=2376, tid=24180
#
# JRE version:  (11.0.12+7) (build )
# Java VM: OpenJDK 64-Bit Server VM (11.0.12+7, mixed mode, sharing, tiered, compressed oops, g1 gc, windows-amd64)
# No core dump will be written. Minidumps are not enabled by default on client versions of Windows
#

---------------  S U M M A R Y ------------

Command Line: -ea -Didea.test.cyclic.buffer.size=1048576 -javaagent:C:\Program Files\JetBrains\IntelliJ IDEA Community Edition 2024.2.3\lib\idea_rt.jar=62159:C:\Program Files\JetBrains\IntelliJ IDEA Community Edition 2024.2.3\bin -Dfile.encoding=UTF-8 com.intellij.rt.testng.RemoteTestNGStarter -usedefaultlisteners false -socket62158 @w@C:\Users\KALHAN\AppData\Local\Temp\idea_working_dirs_testng.tmp -temp C:\Users\KALHAN\AppData\Local\Temp\idea_testng.tmp

Host: 11th Gen Intel(R) Core(TM) i7-1165G7 @ 2.80GHz, 8 cores, 7G,  Windows 10 , 64 bit Build 19041 (10.0.19041.5198)
Time: Mon Dec 30 21:56:05 2024 Sri Lanka Standard Time elapsed time: 0.015125 seconds (0d 0h 0m 0s)

---------------  T H R E A D  ---------------

Current thread (0x0000020924090000):  JavaThread "Unknown thread" [_thread_in_vm, id=24180, stack(0x000000f8a0600000,0x000000f8a0700000)]

Stack: [0x000000f8a0600000,0x000000f8a0700000]
Native frames: (J=compiled Java code, j=interpreted, Vv=VM code, C=native code)
V  [jvm.dll+0x6090fa]
V  [jvm.dll+0x79229e]
V  [jvm.dll+0x79396f]
V  [jvm.dll+0x794033]
V  [jvm.dll+0x24bed8]
V  [jvm.dll+0x60624a]
V  [jvm.dll+0x5facf5]
V  [jvm.dll+0x303b5c]
V  [jvm.dll+0x3039e2]
V  [jvm.dll+0x308706]
V  [jvm.dll+0x34d5cf]
V  [jvm.dll+0x34d000]
V  [jvm.dll+0x2e0c68]
V  [jvm.dll+0x2e1dc6]
V  [jvm.dll+0x76d627]
V  [jvm.dll+0x76edaf]
V  [jvm.dll+0x35a359]
V  [jvm.dll+0x750710]
V  [jvm.dll+0x3c1f8f]
V  [jvm.dll+0x3c4461]
C  [jli.dll+0x5207]
C  [ucrtbase.dll+0x21bb2]
C  [KERNEL32.DLL+0x17374]
C  [ntdll.dll+0x4cc91]


---------------  P R O C E S S  ---------------

Threads class SMR info:
_java_thread_list=0x0000020921eb8610, length=0, elements={
}

Java Threads: ( => current thread )

Other Threads:
  0x00000209240a6000 GCTaskThread "GC Thread#0" [stack: 0x000000f8a0700000,0x000000f8a0800000] [id=21900]
  0x00000209240d6000 ConcurrentGCThread "G1 Main Marker" [stack: 0x000000f8a0800000,0x000000f8a0900000] [id=8872]
  0x00000209240da800 ConcurrentGCThread "G1 Conc#0" [stack: 0x000000f8a0900000,0x000000f8a0a00000] [id=17696]

[error occurred during error reporting (printing all threads), id 0xc0000005, EXCEPTION_ACCESS_VIOLATION (0xc0000005) at pc=0x00007ff960e70337]

VM state:not at safepoint (not fully initialized)

VM Mutex/Monitor currently owned by a thread:  ([mutex/lock_event])
[0x000002092408ecd0] Heap_lock - owner thread: 0x0000020924090000

Heap address: 0x0000000084400000, size: 1980 MB, Compressed Oops mode: Non-zero based: 0x0000000084400000
Narrow klass base: 0x0000000000000000, Narrow klass shift: 0

GC Heap History (0 events):
No events

Deoptimization events (0 events):
No events

Classes redefined (0 events):
No events

Internal exceptions (0 events):
No events

Events (1 events):
Event: 0.011 Loaded shared library C:\Program Files\Microsoft\jdk-11.0.12.7-hotspot\bin\zip.dll


Dynamic libraries:
0x00007ff74dbf0000 - 0x00007ff74dbfd000 	C:\Program Files\Microsoft\jdk-11.0.12.7-hotspot\bin\java.exe
0x00007ff9c77f0000 - 0x00007ff9c79e8000 	C:\Windows\SYSTEM32\ntdll.dll
0x00007ff9c76b0000 - 0x00007ff9c7772000 	C:\Windows\System32\KERNEL32.DLL
0x00007ff9c54e0000 - 0x00007ff9c57de000 	C:\Windows\System32\KERNELBASE.dll
0x00007ff9c53e0000 - 0x00007ff9c54e0000 	C:\Windows\System32\ucrtbase.dll
0x00007ff986ef0000 - 0x00007ff986f07000 	C:\Program Files\Microsoft\jdk-11.0.12.7-hotspot\bin\jli.dll
0x00007ff984b60000 - 0x00007ff984b75000 	C:\Program Files\Microsoft\jdk-11.0.12.7-hotspot\bin\VCRUNTIME140.dll
0x00007ff9c6890000 - 0x00007ff9c6a2d000 	C:\Windows\System32\USER32.dll
0x00007ff9c50b0000 - 0x00007ff9c50d2000 	C:\Windows\System32\win32u.dll
0x00007ff9aacd0000 - 0x00007ff9aaf6a000 	C:\Windows\WinSxS\amd64_microsoft.windows.common-controls_6595b64144ccf1df_6.0.19041.4355_none_60b8b9eb71f62e16\COMCTL32.dll
0x00007ff9c6860000 - 0x00007ff9c688b000 	C:\Windows\System32\GDI32.dll
0x00007ff9c4f60000 - 0x00007ff9c5077000 	C:\Windows\System32\gdi32full.dll
0x00007ff9c6a30000 - 0x00007ff9c6ace000 	C:\Windows\System32\msvcrt.dll
0x00007ff9c5340000 - 0x00007ff9c53dd000 	C:\Windows\System32\msvcp_win.dll
0x00007ff9c74c0000 - 0x00007ff9c74ef000 	C:\Windows\System32\IMM32.DLL
0x00007ff96b7c0000 - 0x00007ff96b85b000 	C:\Program Files\Microsoft\jdk-11.0.12.7-hotspot\bin\msvcp140.dll
0x00007ff960b80000 - 0x00007ff9616e1000 	C:\Program Files\Microsoft\jdk-11.0.12.7-hotspot\bin\server\jvm.dll
0x00007ff9c63a0000 - 0x00007ff9c6451000 	C:\Windows\System32\ADVAPI32.dll
0x00007ff9c6300000 - 0x00007ff9c639f000 	C:\Windows\System32\sechost.dll
0x00007ff9c7090000 - 0x00007ff9c71b3000 	C:\Windows\System32\RPCRT4.dll
0x00007ff9c5080000 - 0x00007ff9c50a7000 	C:\Windows\System32\bcrypt.dll
0x00007ff9c64e0000 - 0x00007ff9c64e8000 	C:\Windows\System32\PSAPI.DLL
0x00007ff9b4a50000 - 0x00007ff9b4a77000 	C:\Windows\SYSTEM32\WINMM.dll
0x00007ff9b96c0000 - 0x00007ff9b96ca000 	C:\Windows\SYSTEM32\VERSION.dll
0x00007ff99eba0000 - 0x00007ff99eba9000 	C:\Windows\SYSTEM32\WSOCK32.dll
0x00007ff9c71c0000 - 0x00007ff9c722b000 	C:\Windows\System32\WS2_32.dll
0x00007ff9c3640000 - 0x00007ff9c3652000 	C:\Windows\SYSTEM32\kernel.appcore.dll
0x00007ff9ab6f0000 - 0x00007ff9ab700000 	C:\Program Files\Microsoft\jdk-11.0.12.7-hotspot\bin\verify.dll
0x00007ff9c29e0000 - 0x00007ff9c2bc4000 	C:\Windows\SYSTEM32\DBGHELP.DLL
0x00007ff99ee40000 - 0x00007ff99ee74000 	C:\Windows\SYSTEM32\dbgcore.DLL
0x00007ff9c4ed0000 - 0x00007ff9c4f52000 	C:\Windows\System32\bcryptPrimitives.dll
0x00007ff9848d0000 - 0x00007ff9848f8000 	C:\Program Files\Microsoft\jdk-11.0.12.7-hotspot\bin\java.dll
0x00007ff993d50000 - 0x00007ff993d5a000 	C:\Program Files\Microsoft\jdk-11.0.12.7-hotspot\bin\jimage.dll
0x00007ff9891f0000 - 0x00007ff9891fe000 	C:\Program Files\Microsoft\jdk-11.0.12.7-hotspot\bin\instrument.dll
0x00007ff9847f0000 - 0x00007ff984807000 	C:\Program Files\Microsoft\jdk-11.0.12.7-hotspot\bin\zip.dll

dbghelp: loaded successfully - version: 4.0.5 - missing functions: none
symbol engine: initialized successfully - sym options: 0x614 - pdb path: .;C:\Program Files\Microsoft\jdk-11.0.12.7-hotspot\bin;C:\Windows\SYSTEM32;C:\Windows\WinSxS\amd64_microsoft.windows.common-controls_6595b64144ccf1df_6.0.19041.4355_none_60b8b9eb71f62e16;C:\Program Files\Microsoft\jdk-11.0.12.7-hotspot\bin\server

VM Arguments:
jvm_args: -ea -Didea.test.cyclic.buffer.size=1048576 -javaagent:C:\Program Files\JetBrains\IntelliJ IDEA Community Edition 2024.2.3\lib\idea_rt.jar=62159:C:\Program Files\JetBrains\IntelliJ IDEA Community Edition 2024.2.3\bin -Dfile.encoding=UTF-8 
java_command: com.intellij.rt.testng.RemoteTestNGStarter -usedefaultlisteners false -socket62158 @w@C:\Users\KALHAN\AppData\Local\Temp\idea_working_dirs_testng.tmp -temp C:\Users\KALHAN\AppData\Local\Temp\idea_testng.tmp
java_class_path (initial): C:\Program Files\JetBrains\IntelliJ IDEA Community Edition 2024.2.3\lib\idea_rt.jar;C:\Program Files\JetBrains\IntelliJ IDEA Community Edition 2024.2.3\plugins\testng\lib\testng-rt.jar;C:\Users\KALHAN\dev\MIT4201_Assignment_III\target\test-classes;C:\Users\KALHAN\dev\MIT4201_Assignment_III\target\classes;C:\Users\KALHAN\.m2\repository\org\seleniumhq\selenium\selenium-java\4.27.0\selenium-java-4.27.0.jar;C:\Users\KALHAN\.m2\repository\org\seleniumhq\selenium\selenium-api\4.27.0\selenium-api-4.27.0.jar;C:\Users\KALHAN\.m2\repository\org\jspecify\jspecify\1.0.0\jspecify-1.0.0.jar;C:\Users\KALHAN\.m2\repository\org\seleniumhq\selenium\selenium-chrome-driver\4.27.0\selenium-chrome-driver-4.27.0.jar;C:\Users\KALHAN\.m2\repository\com\google\auto\service\auto-service-annotations\1.1.1\auto-service-annotations-1.1.1.jar;C:\Users\KALHAN\.m2\repository\org\seleniumhq\selenium\selenium-chromium-driver\4.27.0\selenium-chromium-driver-4.27.0.jar;C:\Users\KALHAN\.m2\repository\org\seleniumhq\selenium\selenium-json\4.27.0\selenium-json-4.27.0.jar;C:\Users\KALHAN\.m2\repository\org\seleniumhq\selenium\selenium-manager\4.27.0\selenium-manager-4.27.0.jar;C:\Users\KALHAN\.m2\repository\org\seleniumhq\selenium\selenium-devtools-v129\4.27.0\selenium-devtools-v129-4.27.0.jar;C:\Users\KALHAN\.m2\repository\org\seleniumhq\selenium\selenium-devtools-v130\4.27.0\selenium-devtools-v130-4.27.0.jar;C:\Users\KALHAN\.m2\repository\org\seleniumhq\selenium\selenium-devtools-v131\4.27.0\selenium-devtools-v131-4.27.0.jar;C:\Users\KALHAN\.m2\repository\org\seleniumhq\selenium\selenium-devtools-v85\4.27.0\selenium-devtools-v85-4.27.0.jar;C:\Users\KALHAN\.m2\repository\org\seleniumhq\selenium\selenium-edge-driver\4.27.0\selenium-edge-driver-4.27.0.jar;C:\Users\KALHAN\.m2\repository\org\seleniumhq\selenium\selenium-firefox-driver\4.27.0\selenium-firefox-driver-4.27.0.jar;C:\Users\KALHAN\.m2\repository\org\seleniumhq\selenium\selenium-http\4.27.0\selenium-http-4.27.0.jar;C:\Us
Launcher Type: SUN_STANDARD

[Global flags]
     intx CICompilerCount                          = 4                                         {product} {ergonomic}
     uint ConcGCThreads                            = 2                                         {product} {ergonomic}
     uint G1ConcRefinementThreads                  = 8                                         {product} {ergonomic}
   size_t G1HeapRegionSize                         = 1048576                                   {product} {ergonomic}
    uintx GCDrainStackTargetSize                   = 64                                        {product} {ergonomic}
   size_t InitialHeapSize                          = 130023424                                 {product} {ergonomic}
   size_t MarkStackSize                            = 4194304                                   {product} {ergonomic}
   size_t MaxHeapSize                              = 2076180480                                {product} {ergonomic}
   size_t MinHeapDeltaBytes                        = 1048576                                   {product} {ergonomic}
    uintx NonNMethodCodeHeapSize                   = 5836300                                {pd product} {ergonomic}
    uintx NonProfiledCodeHeapSize                  = 122910970                              {pd product} {ergonomic}
    uintx ProfiledCodeHeapSize                     = 122910970                              {pd product} {ergonomic}
    uintx ReservedCodeCacheSize                    = 251658240                              {pd product} {ergonomic}
     bool SegmentedCodeCache                       = true                                      {product} {ergonomic}
     bool UseCompressedClassPointers               = true                                 {lp64_product} {ergonomic}
     bool UseCompressedOops                        = true                                 {lp64_product} {ergonomic}
     bool UseG1GC                                  = true                                      {product} {ergonomic}
     bool UseLargePagesIndividualAllocation        = false                                  {pd product} {ergonomic}

Logging:
Log output configuration:
 #0: stdout all=warning uptime,level,tags
 #1: stderr all=off uptime,level,tags

Environment Variables:
JAVA_HOME=C:\Program Files\Java\jdk-21
PATH=C:\Program Files\Common Files\Oracle\Java\javapath;C:\Program Files\Microsoft\jdk-11.0.12.7-hotspot\bin;C:\Program Files (x86)\Cuminas\Document Express DjVu Plug-in\;C:\Windows\system32;C:\Windows;C:\Windows\System32\Wbem;C:\Windows\System32\WindowsPowerShell\v1.0\;C:\Windows\System32\OpenSSH\;C:\Program Files\NVIDIA Corporation\NVIDIA NvDLISR;C:\Program Files\Microsoft SQL Server\Client SDK\ODBC\110\Tools\Binn\;C:\Program Files (x86)\Microsoft SQL Server\120\Tools\Binn\;C:\Program Files\Microsoft SQL Server\120\Tools\Binn\;C:\Program Files\Microsoft SQL Server\120\DTS\Binn\;C:\Program Files (x86)\Windows Kits\8.1\Windows Performance Toolkit\;C:\Program Files\TortoiseGit\bin;C:\Program Files\Calibre2\;C:\Program Files\Microsoft SQL Server\150\Tools\Binn\;C:\Program Files\Microsoft SQL Server\Client SDK\ODBC\170\Tools\Binn\;C:\Program Files\dotnet\;C:\ProgramData\chocolatey\bin;C:\Program Files\gs\gs9.56.1\bin;C:\Program Files (x86)\Microchip\MPLAB C32 Suite\bin;C:\Program Files\Microchip\xc8\v2.35\bin;C:\Program Files\OpenSSL-Win64\bin;C:\Program Files\Git\cmd;C:\Program Files\Java\jdk-17\bin;C:\MinGW\bin;C:\Program Files\Java\jdk-21\bin;C:\Users\KALHAN\AppData\Local\Programs\Python\Python310\Scripts\;C:\Users\KALHAN\AppData\Local\Programs\Python\Python310\;C:\Program Files (x86)\Microchip\mplabc18\v3.47\mpasm;C:\Program Files (x86)\Microchip\mplabc18\v3.47\bin;C:\Program Files (x86)\GNU Arm Embedded Toolchain\10 2021.10\bin;C:\Program Files\MySQL\MySQL Shell 8.0\bin\;C:\Users\KALHAN\AppData\Local\Microsoft\WindowsApps;C:\Program Files\JetBrains\PyCharm Community Edition 2020.3.4\bin;;C:\Users\KALHAN\.dotnet\tools;C:\Users\KALHAN\AppData\Local\Programs\Microsoft VS Code\bin;C:\flutter\bin\cache\dart-sdk\bin;C:\flutter\bin;;C:\Program Files\JetBrains\IntelliJ IDEA Community Edition 2024.2.3\bin;;C:\Users\KALHAN\AppData\Local\Muse Hub\lib
USERNAME=KALHAN
OS=Windows_NT
PROCESSOR_IDENTIFIER=Intel64 Family 6 Model 140 Stepping 1, GenuineIntel



---------------  S Y S T E M  ---------------

OS: Windows 10 , 64 bit Build 19041 (10.0.19041.5198)
OS uptime: 1 days 12:46 hours
Hyper-V role detected

CPU:total 8 (initial active 8) (4 cores per cpu, 2 threads per core) family 6 model 140 stepping 1 microcode 0xb8, cmov, cx8, fxsr, mmx, sse, sse2, sse3, ssse3, sse4.1, sse4.2, popcnt, avx, avx2, aes, clmul, erms, 3dnowpref, lzcnt, ht, tsc, tscinvbit, bmi1, bmi2, adx, evex, sha, fma

Memory: 4k page, system-wide physical 7914M (361M free)
TotalPageFile size 16677M (AvailPageFile size 96M)
current process WorkingSet (physical memory assigned to process): 10M, peak: 10M
current process commit charge ("private bytes"): 60M, peak: 184M

vm_info: OpenJDK 64-Bit Server VM (11.0.12+7) for windows-amd64 JRE (11.0.12+7), built on Jul 21 2021 15:41:43 by "" with unknown MS VC++:1916

END.
