#
# There is insufficient memory for the Java Runtime Environment to continue.
# Native memory allocation (malloc) failed to allocate 274576 bytes for Chunk::new
# Possible reasons:
#   The system is out of physical RAM or swap space
#   The process is running with CompressedOops enabled, and the Java Heap may be blocking the growth of the native heap
# Possible solutions:
#   Reduce memory load on the system
#   Increase physical memory or swap space
#   Check if swap backing store is full
#   Decrease Java heap size (-Xmx/-Xms)
#   Decrease number of Java threads
#   Decrease Java thread stack sizes (-Xss)
#   Set larger code cache with -XX:ReservedCodeCacheSize=
#   JVM is running with Unscaled Compressed Oops mode in which the Java heap is
#     placed in the first 4GB address space. The Java Heap base address is the
#     maximum limit for the native heap growth. Please use -XX:HeapBaseMinAddress
#     to set the Java Heap base and to place the Java Heap above 4GB virtual address.
# This output file may be truncated or incomplete.
#
#  Out of Memory Error (./src/hotspot/share/memory/arena.cpp:197), pid=23256, tid=23424
#
# JRE version: OpenJDK Runtime Environment Microsoft-25199 (11.0.12+7) (build 11.0.12+7)
# Java VM: OpenJDK 64-Bit Server VM Microsoft-25199 (11.0.12+7, mixed mode, tiered, compressed oops, g1 gc, windows-amd64)
# No core dump will be written. Minidumps are not enabled by default on client versions of Windows
#

---------------  S U M M A R Y ------------

Command Line: -ea -Didea.test.cyclic.buffer.size=1048576 -javaagent:C:\Program Files\JetBrains\IntelliJ IDEA Community Edition 2024.2.3\lib\idea_rt.jar=61868:C:\Program Files\JetBrains\IntelliJ IDEA Community Edition 2024.2.3\bin -Dfile.encoding=UTF-8 com.intellij.rt.testng.RemoteTestNGStarter -usedefaultlisteners false -socket61867 @w@C:\Users\KALHAN\AppData\Local\Temp\idea_working_dirs_testng.tmp -temp C:\Users\KALHAN\AppData\Local\Temp\idea_testng.tmp

Host: 11th Gen Intel(R) Core(TM) i7-1165G7 @ 2.80GHz, 8 cores, 7G,  Windows 10 , 64 bit Build 19041 (10.0.19041.5198)
Time: Mon Dec 30 21:55:38 2024 Sri Lanka Standard Time elapsed time: 18.006514 seconds (0d 0h 0m 18s)

---------------  T H R E A D  ---------------

Current thread (0x0000025e64369000):  JavaThread "C2 CompilerThread0" daemon [_thread_in_native, id=23424, stack(0x000000ed90000000,0x000000ed90100000)]


Current CompileTask:
C2:  18006 2500   !   4       java.net.URL::<init> (543 bytes)

Stack: [0x000000ed90000000,0x000000ed90100000]
Native frames: (J=compiled Java code, j=interpreted, Vv=VM code, C=native code)
V  [jvm.dll+0x6090fa]
V  [jvm.dll+0x79229e]
V  [jvm.dll+0x79396f]
V  [jvm.dll+0x794033]
V  [jvm.dll+0x24bed8]
V  [jvm.dll+0xc219c]
V  [jvm.dll+0xc275c]
V  [jvm.dll+0x3548a7]
V  [jvm.dll+0x19dd71]
V  [jvm.dll+0x205692]
V  [jvm.dll+0x20476d]
V  [jvm.dll+0x18996c]
V  [jvm.dll+0x213dd7]
V  [jvm.dll+0x211f9b]
V  [jvm.dll+0x7563a9]
V  [jvm.dll+0x74f414]
V  [jvm.dll+0x607f56]
C  [ucrtbase.dll+0x21bb2]
C  [KERNEL32.DLL+0x17374]
C  [ntdll.dll+0x4cc91]


---------------  P R O C E S S  ---------------

Threads class SMR info:
_java_thread_list=0x0000025e65da6050, length=27, elements={
0x0000025e44bd0800, 0x0000025e639ff000, 0x0000025e63a08000, 0x0000025e64362800,
0x0000025e64365000, 0x0000025e64366000, 0x0000025e64369000, 0x0000025e64377800,
0x0000025e64378800, 0x0000025e644e0800, 0x0000025e644df800, 0x0000025e644de800,
0x0000025e644da800, 0x0000025e644e1000, 0x0000025e644db800, 0x0000025e644dc800,
0x0000025e644dd000, 0x0000025e65550000, 0x0000025e6554f000, 0x0000025e65555800,
0x0000025e65556800, 0x0000025e65554800, 0x0000025e65551800, 0x0000025e65552000,
0x0000025e65550800, 0x0000025e65558000, 0x0000025e65559000
}

Java Threads: ( => current thread )
  0x0000025e44bd0800 JavaThread "Forwarding getElementText on session 3a0c03bf21701e7525bf832de821234d to remote" [_thread_blocked, id=23348, stack(0x000000ed8f400000,0x000000ed8f500000)]
  0x0000025e639ff000 JavaThread "Reference Handler" daemon [_thread_blocked, id=6704, stack(0x000000ed8fb00000,0x000000ed8fc00000)]
  0x0000025e63a08000 JavaThread "Finalizer" daemon [_thread_blocked, id=23436, stack(0x000000ed8fc00000,0x000000ed8fd00000)]
  0x0000025e64362800 JavaThread "Signal Dispatcher" daemon [_thread_blocked, id=23412, stack(0x000000ed8fd00000,0x000000ed8fe00000)]
  0x0000025e64365000 JavaThread "Attach Listener" daemon [_thread_blocked, id=23408, stack(0x000000ed8fe00000,0x000000ed8ff00000)]
  0x0000025e64366000 JavaThread "Service Thread" daemon [_thread_blocked, id=23400, stack(0x000000ed8ff00000,0x000000ed90000000)]
=>0x0000025e64369000 JavaThread "C2 CompilerThread0" daemon [_thread_in_native, id=23424, stack(0x000000ed90000000,0x000000ed90100000)]
  0x0000025e64377800 JavaThread "C1 CompilerThread0" daemon [_thread_blocked, id=23396, stack(0x000000ed90100000,0x000000ed90200000)]
  0x0000025e64378800 JavaThread "Sweeper thread" daemon [_thread_blocked, id=23444, stack(0x000000ed90200000,0x000000ed90300000)]
  0x0000025e644e0800 JavaThread "Common-Cleaner" daemon [_thread_blocked, id=23460, stack(0x000000ed90300000,0x000000ed90400000)]
  0x0000025e644df800 JavaThread "Monitor Ctrl-Break" daemon [_thread_in_native, id=23480, stack(0x000000ed90500000,0x000000ed90600000)]
  0x0000025e644de800 JavaThread "ForkJoinPool.commonPool-worker-3" daemon [_thread_blocked, id=22896, stack(0x000000ed90700000,0x000000ed90800000)]
  0x0000025e644da800 JavaThread "HttpClient-1-SelectorManager" daemon [_thread_in_native, id=22544, stack(0x000000ed90900000,0x000000ed90a00000)]
  0x0000025e644e1000 JavaThread "External Process Output Forwarder - C:\Users\KALHAN\.cache\selenium\chromedriver\win64\131.0.6778.204\chromedriver.exe" daemon [_thread_in_native, id=22680, stack(0x000000ed90a00000,0x000000ed90b00000)]
  0x0000025e644db800 JavaThread "Driver Service Executor" daemon [_thread_blocked, id=22612, stack(0x000000ed90b00000,0x000000ed90c00000)]
  0x0000025e644dc800 JavaThread "Driver Service Executor" daemon [_thread_in_native, id=22624, stack(0x000000ed90c00000,0x000000ed90d00000)]
  0x0000025e644dd000 JavaThread "UrlChecker-2" daemon [_thread_blocked, id=22868, stack(0x000000ed90d00000,0x000000ed90e00000)]
  0x0000025e65550000 JavaThread "JdkHttpClient-0-0" daemon [_thread_blocked, id=22996, stack(0x000000ed91000000,0x000000ed91100000)]
  0x0000025e6554f000 JavaThread "CompletableFutureDelayScheduler" daemon [_thread_blocked, id=11344, stack(0x000000ed91100000,0x000000ed91200000)]
  0x0000025e65555800 JavaThread "JdkHttpClient-0-1" daemon [_thread_blocked, id=22968, stack(0x000000ed91200000,0x000000ed91300000)]
  0x0000025e65556800 JavaThread "JdkHttpClient-0-2" daemon [_thread_blocked, id=22952, stack(0x000000ed91300000,0x000000ed91400000)]
  0x0000025e65554800 JavaThread "JdkHttpClient-0-3" daemon [_thread_blocked, id=22964, stack(0x000000ed91400000,0x000000ed91500000)]
  0x0000025e65551800 JavaThread "HttpClient-2-SelectorManager" daemon [_thread_in_native, id=23556, stack(0x000000ed91500000,0x000000ed91600000)]
  0x0000025e65552000 JavaThread "JdkHttpClient-1-0" daemon [_thread_blocked, id=23560, stack(0x000000ed91600000,0x000000ed91700000)]
  0x0000025e65550800 JavaThread "JdkHttpClient-1-1" daemon [_thread_blocked, id=23564, stack(0x000000ed91700000,0x000000ed91800000)]
  0x0000025e65558000 JavaThread "JdkHttpClient-1-2" daemon [_thread_blocked, id=23568, stack(0x000000ed91800000,0x000000ed91900000)]
  0x0000025e65559000 JavaThread "JdkHttpClient-1-3" daemon [_thread_blocked, id=23572, stack(0x000000ed91900000,0x000000ed91a00000)]

Other Threads:
  0x0000025e639d8000 VMThread "VM Thread" [stack: 0x000000ed8fa00000,0x000000ed8fb00000] [id=14396]
  0x0000025e64723000 WatcherThread [stack: 0x000000ed90600000,0x000000ed90700000] [id=23484]
  0x0000025e44be9800 GCTaskThread "GC Thread#0" [stack: 0x000000ed8f500000,0x000000ed8f600000] [id=23368]
  0x0000025e64f2f000 GCTaskThread "GC Thread#1" [stack: 0x000000ed90400000,0x000000ed90500000] [id=6336]
  0x0000025e44c1b000 ConcurrentGCThread "G1 Main Marker" [stack: 0x000000ed8f600000,0x000000ed8f700000] [id=23372]
  0x0000025e44c1e800 ConcurrentGCThread "G1 Conc#0" [stack: 0x000000ed8f700000,0x000000ed8f800000] [id=23364]
  0x0000025e65260000 ConcurrentGCThread "G1 Conc#1" [stack: 0x000000ed90800000,0x000000ed90900000] [id=22916]
  0x0000025e63832800 ConcurrentGCThread "G1 Refine#0" [stack: 0x000000ed8f800000,0x000000ed8f900000] [id=14300]
  0x0000025e63833800 ConcurrentGCThread "G1 Young RemSet Sampling" [stack: 0x000000ed8f900000,0x000000ed8fa00000] [id=14020]

Threads with active compile tasks:
C2 CompilerThread0  18036 2500   !   4       java.net.URL::<init> (543 bytes)

VM state:not at safepoint (normal execution)

VM Mutex/Monitor currently owned by a thread: None

Heap address: 0x0000000084400000, size: 1980 MB, Compressed Oops mode: 32-bit
Narrow klass base: 0x0000000000000000, Narrow klass shift: 3
Compressed class space size: 1073741824 Address: 0x0000000100000000

Heap:
 garbage-first heap   total 126976K, used 44263K [0x0000000084400000, 0x0000000100000000)
  region size 1024K, 34 young (34816K), 5 survivors (5120K)
 Metaspace       used 27515K, capacity 28836K, committed 29104K, reserved 1075200K
  class space    used 3187K, capacity 3729K, committed 3840K, reserved 1048576K
Heap Regions: E=young(eden), S=young(survivor), O=old, HS=humongous(starts), HC=humongous(continues), CS=collection set, F=free, A=archive, TAMS=top-at-mark-start (previous, next)
|   0|0x0000000084400000, 0x0000000084500000, 0x0000000084500000|100%|HS|  |TAMS 0x0000000084500000, 0x0000000084400000| Complete 
|   1|0x0000000084500000, 0x0000000084600000, 0x0000000084600000|100%| O|  |TAMS 0x0000000084600000, 0x0000000084500000| Untracked 
|   2|0x0000000084600000, 0x0000000084641800, 0x0000000084700000| 25%| O|  |TAMS 0x0000000084641800, 0x0000000084600000| Untracked 
|   3|0x0000000084700000, 0x0000000084800000, 0x0000000084800000|100%|HS|  |TAMS 0x0000000084700000, 0x0000000084700000| Complete 
|   4|0x0000000084800000, 0x0000000084900000, 0x0000000084900000|100%|HS|  |TAMS 0x0000000084800000, 0x0000000084800000| Complete 
|   5|0x0000000084900000, 0x0000000084a00000, 0x0000000084a00000|100%|HS|  |TAMS 0x0000000084900000, 0x0000000084900000| Complete 
|   6|0x0000000084a00000, 0x0000000084b00000, 0x0000000084b00000|100%|HS|  |TAMS 0x0000000084a00000, 0x0000000084a00000| Complete 
|   7|0x0000000084b00000, 0x0000000084c00000, 0x0000000084c00000|100%|HS|  |TAMS 0x0000000084b00000, 0x0000000084b00000| Complete 
|   8|0x0000000084c00000, 0x0000000084d00000, 0x0000000084d00000|100%|HS|  |TAMS 0x0000000084c00000, 0x0000000084c00000| Complete 
|   9|0x0000000084d00000, 0x0000000084e00000, 0x0000000084e00000|100%|HC|  |TAMS 0x0000000084d00000, 0x0000000084d00000| Complete 
|  10|0x0000000084e00000, 0x0000000084f00000, 0x0000000084f00000|100%|HS|  |TAMS 0x0000000084e00000, 0x0000000084e00000| Complete 
|  11|0x0000000084f00000, 0x0000000085000000, 0x0000000085000000|100%|HS|  |TAMS 0x0000000084f00000, 0x0000000084f00000| Complete 
|  12|0x0000000085000000, 0x0000000085000000, 0x0000000085100000|  0%| F|  |TAMS 0x0000000085000000, 0x0000000085000000| Untracked 
|  13|0x0000000085100000, 0x0000000085100000, 0x0000000085200000|  0%| F|  |TAMS 0x0000000085100000, 0x0000000085100000| Untracked 
|  14|0x0000000085200000, 0x0000000085200000, 0x0000000085300000|  0%| F|  |TAMS 0x0000000085200000, 0x0000000085200000| Untracked 
|  15|0x0000000085300000, 0x0000000085300000, 0x0000000085400000|  0%| F|  |TAMS 0x0000000085300000, 0x0000000085300000| Untracked 
|  16|0x0000000085400000, 0x0000000085400000, 0x0000000085500000|  0%| F|  |TAMS 0x0000000085400000, 0x0000000085400000| Untracked 
|  17|0x0000000085500000, 0x0000000085500000, 0x0000000085600000|  0%| F|  |TAMS 0x0000000085500000, 0x0000000085500000| Untracked 
|  18|0x0000000085600000, 0x0000000085600000, 0x0000000085700000|  0%| F|  |TAMS 0x0000000085600000, 0x0000000085600000| Untracked 
|  19|0x0000000085700000, 0x0000000085700000, 0x0000000085800000|  0%| F|  |TAMS 0x0000000085700000, 0x0000000085700000| Untracked 
|  20|0x0000000085800000, 0x0000000085800000, 0x0000000085900000|  0%| F|  |TAMS 0x0000000085800000, 0x0000000085800000| Untracked 
|  21|0x0000000085900000, 0x0000000085900000, 0x0000000085a00000|  0%| F|  |TAMS 0x0000000085900000, 0x0000000085900000| Untracked 
|  22|0x0000000085a00000, 0x0000000085a00000, 0x0000000085b00000|  0%| F|  |TAMS 0x0000000085a00000, 0x0000000085a00000| Untracked 
|  23|0x0000000085b00000, 0x0000000085b00000, 0x0000000085c00000|  0%| F|  |TAMS 0x0000000085b00000, 0x0000000085b00000| Untracked 
|  24|0x0000000085c00000, 0x0000000085c00000, 0x0000000085d00000|  0%| F|  |TAMS 0x0000000085c00000, 0x0000000085c00000| Untracked 
|  25|0x0000000085d00000, 0x0000000085d00000, 0x0000000085e00000|  0%| F|  |TAMS 0x0000000085d00000, 0x0000000085d00000| Untracked 
|  26|0x0000000085e00000, 0x0000000085e00000, 0x0000000085f00000|  0%| F|  |TAMS 0x0000000085e00000, 0x0000000085e00000| Untracked 
|  27|0x0000000085f00000, 0x0000000085f00000, 0x0000000086000000|  0%| F|  |TAMS 0x0000000085f00000, 0x0000000085f00000| Untracked 
|  28|0x0000000086000000, 0x0000000086000000, 0x0000000086100000|  0%| F|  |TAMS 0x0000000086000000, 0x0000000086000000| Untracked 
|  29|0x0000000086100000, 0x0000000086100000, 0x0000000086200000|  0%| F|  |TAMS 0x0000000086100000, 0x0000000086100000| Untracked 
|  30|0x0000000086200000, 0x0000000086200000, 0x0000000086300000|  0%| F|  |TAMS 0x0000000086200000, 0x0000000086200000| Untracked 
|  31|0x0000000086300000, 0x0000000086300000, 0x0000000086400000|  0%| F|  |TAMS 0x0000000086300000, 0x0000000086300000| Untracked 
|  32|0x0000000086400000, 0x0000000086400000, 0x0000000086500000|  0%| F|  |TAMS 0x0000000086400000, 0x0000000086400000| Untracked 
|  33|0x0000000086500000, 0x0000000086500000, 0x0000000086600000|  0%| F|  |TAMS 0x0000000086500000, 0x0000000086500000| Untracked 
|  34|0x0000000086600000, 0x0000000086600000, 0x0000000086700000|  0%| F|  |TAMS 0x0000000086600000, 0x0000000086600000| Untracked 
|  35|0x0000000086700000, 0x0000000086700000, 0x0000000086800000|  0%| F|  |TAMS 0x0000000086700000, 0x0000000086700000| Untracked 
|  36|0x0000000086800000, 0x0000000086800000, 0x0000000086900000|  0%| F|  |TAMS 0x0000000086800000, 0x0000000086800000| Untracked 
|  37|0x0000000086900000, 0x0000000086900000, 0x0000000086a00000|  0%| F|  |TAMS 0x0000000086900000, 0x0000000086900000| Untracked 
|  38|0x0000000086a00000, 0x0000000086a00000, 0x0000000086b00000|  0%| F|  |TAMS 0x0000000086a00000, 0x0000000086a00000| Untracked 
|  39|0x0000000086b00000, 0x0000000086b00000, 0x0000000086c00000|  0%| F|  |TAMS 0x0000000086b00000, 0x0000000086b00000| Untracked 
|  40|0x0000000086c00000, 0x0000000086c00000, 0x0000000086d00000|  0%| F|  |TAMS 0x0000000086c00000, 0x0000000086c00000| Untracked 
|  41|0x0000000086d00000, 0x0000000086d00000, 0x0000000086e00000|  0%| F|  |TAMS 0x0000000086d00000, 0x0000000086d00000| Untracked 
|  42|0x0000000086e00000, 0x0000000086e00000, 0x0000000086f00000|  0%| F|  |TAMS 0x0000000086e00000, 0x0000000086e00000| Untracked 
|  43|0x0000000086f00000, 0x0000000086f00000, 0x0000000087000000|  0%| F|  |TAMS 0x0000000086f00000, 0x0000000086f00000| Untracked 
|  44|0x0000000087000000, 0x0000000087000000, 0x0000000087100000|  0%| F|  |TAMS 0x0000000087000000, 0x0000000087000000| Untracked 
|  45|0x0000000087100000, 0x0000000087100000, 0x0000000087200000|  0%| F|  |TAMS 0x0000000087100000, 0x0000000087100000| Untracked 
|  46|0x0000000087200000, 0x0000000087200000, 0x0000000087300000|  0%| F|  |TAMS 0x0000000087200000, 0x0000000087200000| Untracked 
|  47|0x0000000087300000, 0x0000000087300000, 0x0000000087400000|  0%| F|  |TAMS 0x0000000087300000, 0x0000000087300000| Untracked 
|  48|0x0000000087400000, 0x0000000087400000, 0x0000000087500000|  0%| F|  |TAMS 0x0000000087400000, 0x0000000087400000| Untracked 
|  49|0x0000000087500000, 0x0000000087500000, 0x0000000087600000|  0%| F|  |TAMS 0x0000000087500000, 0x0000000087500000| Untracked 
|  50|0x0000000087600000, 0x0000000087600000, 0x0000000087700000|  0%| F|  |TAMS 0x0000000087600000, 0x0000000087600000| Untracked 
|  51|0x0000000087700000, 0x0000000087700000, 0x0000000087800000|  0%| F|  |TAMS 0x0000000087700000, 0x0000000087700000| Untracked 
|  52|0x0000000087800000, 0x0000000087800000, 0x0000000087900000|  0%| F|  |TAMS 0x0000000087800000, 0x0000000087800000| Untracked 
|  53|0x0000000087900000, 0x0000000087900000, 0x0000000087a00000|  0%| F|  |TAMS 0x0000000087900000, 0x0000000087900000| Untracked 
|  54|0x0000000087a00000, 0x0000000087a00000, 0x0000000087b00000|  0%| F|  |TAMS 0x0000000087a00000, 0x0000000087a00000| Untracked 
|  55|0x0000000087b00000, 0x0000000087b00000, 0x0000000087c00000|  0%| F|  |TAMS 0x0000000087b00000, 0x0000000087b00000| Untracked 
|  56|0x0000000087c00000, 0x0000000087c00000, 0x0000000087d00000|  0%| F|  |TAMS 0x0000000087c00000, 0x0000000087c00000| Untracked 
|  57|0x0000000087d00000, 0x0000000087d00000, 0x0000000087e00000|  0%| F|  |TAMS 0x0000000087d00000, 0x0000000087d00000| Untracked 
|  58|0x0000000087e00000, 0x0000000087e00000, 0x0000000087f00000|  0%| F|  |TAMS 0x0000000087e00000, 0x0000000087e00000| Untracked 
|  59|0x0000000087f00000, 0x0000000087f00000, 0x0000000088000000|  0%| F|  |TAMS 0x0000000087f00000, 0x0000000087f00000| Untracked 
|  60|0x0000000088000000, 0x0000000088000000, 0x0000000088100000|  0%| F|  |TAMS 0x0000000088000000, 0x0000000088000000| Untracked 
|  61|0x0000000088100000, 0x0000000088100000, 0x0000000088200000|  0%| F|  |TAMS 0x0000000088100000, 0x0000000088100000| Untracked 
|  62|0x0000000088200000, 0x0000000088200000, 0x0000000088300000|  0%| F|  |TAMS 0x0000000088200000, 0x0000000088200000| Untracked 
|  63|0x0000000088300000, 0x0000000088300000, 0x0000000088400000|  0%| F|  |TAMS 0x0000000088300000, 0x0000000088300000| Untracked 
|  64|0x0000000088400000, 0x0000000088400000, 0x0000000088500000|  0%| F|  |TAMS 0x0000000088400000, 0x0000000088400000| Untracked 
|  65|0x0000000088500000, 0x0000000088500000, 0x0000000088600000|  0%| F|  |TAMS 0x0000000088500000, 0x0000000088500000| Untracked 
|  66|0x0000000088600000, 0x0000000088600000, 0x0000000088700000|  0%| F|  |TAMS 0x0000000088600000, 0x0000000088600000| Untracked 
|  67|0x0000000088700000, 0x0000000088700000, 0x0000000088800000|  0%| F|  |TAMS 0x0000000088700000, 0x0000000088700000| Untracked 
|  68|0x0000000088800000, 0x0000000088800000, 0x0000000088900000|  0%| F|  |TAMS 0x0000000088800000, 0x0000000088800000| Untracked 
|  69|0x0000000088900000, 0x0000000088900000, 0x0000000088a00000|  0%| F|  |TAMS 0x0000000088900000, 0x0000000088900000| Untracked 
|  70|0x0000000088a00000, 0x0000000088a00000, 0x0000000088b00000|  0%| F|  |TAMS 0x0000000088a00000, 0x0000000088a00000| Untracked 
|  71|0x0000000088b00000, 0x0000000088b00000, 0x0000000088c00000|  0%| F|  |TAMS 0x0000000088b00000, 0x0000000088b00000| Untracked 
|  72|0x0000000088c00000, 0x0000000088c00000, 0x0000000088d00000|  0%| F|  |TAMS 0x0000000088c00000, 0x0000000088c00000| Untracked 
|  73|0x0000000088d00000, 0x0000000088d00000, 0x0000000088e00000|  0%| F|  |TAMS 0x0000000088d00000, 0x0000000088d00000| Untracked 
|  74|0x0000000088e00000, 0x0000000088e00000, 0x0000000088f00000|  0%| F|  |TAMS 0x0000000088e00000, 0x0000000088e00000| Untracked 
|  75|0x0000000088f00000, 0x0000000088f00000, 0x0000000089000000|  0%| F|  |TAMS 0x0000000088f00000, 0x0000000088f00000| Untracked 
|  76|0x0000000089000000, 0x0000000089000000, 0x0000000089100000|  0%| F|  |TAMS 0x0000000089000000, 0x0000000089000000| Untracked 
|  77|0x0000000089100000, 0x0000000089100000, 0x0000000089200000|  0%| F|  |TAMS 0x0000000089100000, 0x0000000089100000| Untracked 
|  78|0x0000000089200000, 0x0000000089200000, 0x0000000089300000|  0%| F|  |TAMS 0x0000000089200000, 0x0000000089200000| Untracked 
|  79|0x0000000089300000, 0x0000000089300000, 0x0000000089400000|  0%| F|  |TAMS 0x0000000089300000, 0x0000000089300000| Untracked 
|  80|0x0000000089400000, 0x0000000089400000, 0x0000000089500000|  0%| F|  |TAMS 0x0000000089400000, 0x0000000089400000| Untracked 
|  81|0x0000000089500000, 0x0000000089500000, 0x0000000089600000|  0%| F|  |TAMS 0x0000000089500000, 0x0000000089500000| Untracked 
|  82|0x0000000089600000, 0x0000000089600000, 0x0000000089700000|  0%| F|  |TAMS 0x0000000089600000, 0x0000000089600000| Untracked 
|  83|0x0000000089700000, 0x0000000089700000, 0x0000000089800000|  0%| F|  |TAMS 0x0000000089700000, 0x0000000089700000| Untracked 
|  84|0x0000000089800000, 0x0000000089800000, 0x0000000089900000|  0%| F|  |TAMS 0x0000000089800000, 0x0000000089800000| Untracked 
|  85|0x0000000089900000, 0x0000000089900000, 0x0000000089a00000|  0%| F|  |TAMS 0x0000000089900000, 0x0000000089900000| Untracked 
|  86|0x0000000089a00000, 0x0000000089af8720, 0x0000000089b00000| 97%| S|CS|TAMS 0x0000000089a00000, 0x0000000089a00000| Complete 
|  87|0x0000000089b00000, 0x0000000089c00000, 0x0000000089c00000|100%| S|CS|TAMS 0x0000000089b00000, 0x0000000089b00000| Complete 
|  88|0x0000000089c00000, 0x0000000089d00000, 0x0000000089d00000|100%| S|CS|TAMS 0x0000000089c00000, 0x0000000089c00000| Complete 
|  89|0x0000000089d00000, 0x0000000089e00000, 0x0000000089e00000|100%| S|CS|TAMS 0x0000000089d00000, 0x0000000089d00000| Complete 
|  90|0x0000000089e00000, 0x0000000089f00000, 0x0000000089f00000|100%| S|CS|TAMS 0x0000000089e00000, 0x0000000089e00000| Complete 
|  91|0x0000000089f00000, 0x0000000089f00000, 0x000000008a000000|  0%| F|  |TAMS 0x0000000089f00000, 0x0000000089f00000| Untracked 
|  92|0x000000008a000000, 0x000000008a000000, 0x000000008a100000|  0%| F|  |TAMS 0x000000008a000000, 0x000000008a000000| Untracked 
|  93|0x000000008a100000, 0x000000008a100000, 0x000000008a200000|  0%| F|  |TAMS 0x000000008a100000, 0x000000008a100000| Untracked 
|  94|0x000000008a200000, 0x000000008a200000, 0x000000008a300000|  0%| F|  |TAMS 0x000000008a200000, 0x000000008a200000| Untracked 
|  95|0x000000008a300000, 0x000000008a33a878, 0x000000008a400000| 22%| E|  |TAMS 0x000000008a300000, 0x000000008a300000| Complete 
|  96|0x000000008a400000, 0x000000008a500000, 0x000000008a500000|100%| E|CS|TAMS 0x000000008a400000, 0x000000008a400000| Complete 
|  97|0x000000008a500000, 0x000000008a600000, 0x000000008a600000|100%| E|  |TAMS 0x000000008a500000, 0x000000008a500000| Complete 
|  98|0x000000008a600000, 0x000000008a700000, 0x000000008a700000|100%| E|CS|TAMS 0x000000008a600000, 0x000000008a600000| Complete 
|  99|0x000000008a700000, 0x000000008a800000, 0x000000008a800000|100%| E|CS|TAMS 0x000000008a700000, 0x000000008a700000| Complete 
| 100|0x000000008a800000, 0x000000008a900000, 0x000000008a900000|100%| E|CS|TAMS 0x000000008a800000, 0x000000008a800000| Complete 
| 101|0x000000008a900000, 0x000000008aa00000, 0x000000008aa00000|100%| E|CS|TAMS 0x000000008a900000, 0x000000008a900000| Complete 
| 102|0x000000008aa00000, 0x000000008ab00000, 0x000000008ab00000|100%| E|CS|TAMS 0x000000008aa00000, 0x000000008aa00000| Complete 
| 103|0x000000008ab00000, 0x000000008ac00000, 0x000000008ac00000|100%| E|CS|TAMS 0x000000008ab00000, 0x000000008ab00000| Complete 
| 104|0x000000008ac00000, 0x000000008ad00000, 0x000000008ad00000|100%| E|CS|TAMS 0x000000008ac00000, 0x000000008ac00000| Complete 
| 105|0x000000008ad00000, 0x000000008ae00000, 0x000000008ae00000|100%| E|CS|TAMS 0x000000008ad00000, 0x000000008ad00000| Complete 
| 106|0x000000008ae00000, 0x000000008af00000, 0x000000008af00000|100%| E|CS|TAMS 0x000000008ae00000, 0x000000008ae00000| Complete 
| 107|0x000000008af00000, 0x000000008b000000, 0x000000008b000000|100%| E|CS|TAMS 0x000000008af00000, 0x000000008af00000| Complete 
| 108|0x000000008b000000, 0x000000008b100000, 0x000000008b100000|100%| E|CS|TAMS 0x000000008b000000, 0x000000008b000000| Complete 
| 109|0x000000008b100000, 0x000000008b200000, 0x000000008b200000|100%| E|CS|TAMS 0x000000008b100000, 0x000000008b100000| Complete 
| 110|0x000000008b200000, 0x000000008b300000, 0x000000008b300000|100%| E|CS|TAMS 0x000000008b200000, 0x000000008b200000| Complete 
| 111|0x000000008b300000, 0x000000008b400000, 0x000000008b400000|100%| E|CS|TAMS 0x000000008b300000, 0x000000008b300000| Complete 
| 112|0x000000008b400000, 0x000000008b500000, 0x000000008b500000|100%| E|CS|TAMS 0x000000008b400000, 0x000000008b400000| Complete 
| 113|0x000000008b500000, 0x000000008b600000, 0x000000008b600000|100%| E|CS|TAMS 0x000000008b500000, 0x000000008b500000| Complete 
| 114|0x000000008b600000, 0x000000008b700000, 0x000000008b700000|100%| E|CS|TAMS 0x000000008b600000, 0x000000008b600000| Complete 
| 115|0x000000008b700000, 0x000000008b800000, 0x000000008b800000|100%| E|CS|TAMS 0x000000008b700000, 0x000000008b700000| Complete 
| 116|0x000000008b800000, 0x000000008b900000, 0x000000008b900000|100%| E|CS|TAMS 0x000000008b800000, 0x000000008b800000| Complete 
| 117|0x000000008b900000, 0x000000008ba00000, 0x000000008ba00000|100%| E|CS|TAMS 0x000000008b900000, 0x000000008b900000| Complete 
| 118|0x000000008ba00000, 0x000000008bb00000, 0x000000008bb00000|100%| E|CS|TAMS 0x000000008ba00000, 0x000000008ba00000| Complete 
| 119|0x000000008bb00000, 0x000000008bc00000, 0x000000008bc00000|100%| E|CS|TAMS 0x000000008bb00000, 0x000000008bb00000| Complete 
| 120|0x000000008bc00000, 0x000000008bd00000, 0x000000008bd00000|100%| E|CS|TAMS 0x000000008bc00000, 0x000000008bc00000| Complete 
| 121|0x000000008bd00000, 0x000000008be00000, 0x000000008be00000|100%| E|CS|TAMS 0x000000008bd00000, 0x000000008bd00000| Complete 
| 122|0x000000008be00000, 0x000000008bf00000, 0x000000008bf00000|100%| E|CS|TAMS 0x000000008be00000, 0x000000008be00000| Complete 
| 123|0x000000008bf00000, 0x000000008c000000, 0x000000008c000000|100%| E|CS|TAMS 0x000000008bf00000, 0x000000008bf00000| Complete 

Card table byte_map: [0x0000025e5ca00000,0x0000025e5cde0000] _byte_map_base: 0x0000025e5c5de000

Marking Bits (Prev, Next): (CMBitMap*) 0x0000025e44c12ab0, (CMBitMap*) 0x0000025e44c12a78
 Prev Bits: [0x0000025e5f0b0000, 0x0000025e60fa0000)
 Next Bits: [0x0000025e5d1c0000, 0x0000025e5f0b0000)

Polling page: 0x0000025e42b20000

Metaspace:

Usage:
  Non-class:     24.52 MB capacity,    23.76 MB ( 97%) used,   634.78 KB (  3%) free+waste,   144.38 KB ( <1%) overhead. 
      Class:      3.64 MB capacity,     3.11 MB ( 85%) used,   468.62 KB ( 13%) free+waste,    72.75 KB (  2%) overhead. 
       Both:     28.16 MB capacity,    26.87 MB ( 95%) used,     1.08 MB (  4%) free+waste,   217.13 KB ( <1%) overhead. 

Virtual space:
  Non-class space:       26.00 MB reserved,      24.67 MB ( 95%) committed 
      Class space:        1.00 GB reserved,       3.75 MB ( <1%) committed 
             Both:        1.03 GB reserved,      28.42 MB (  3%) committed 

Chunk freelists:
   Non-Class:  29.00 KB
       Class:  0 bytes
        Both:  29.00 KB

MaxMetaspaceSize: 17179869184.00 GB
CompressedClassSpaceSize: 1.00 GB
Initial GC threshold: 20.80 MB
Current GC threshold: 35.08 MB
CDS: off

CodeHeap 'non-profiled nmethods': size=120000Kb used=1095Kb max_used=1095Kb free=118904Kb
 bounds [0x0000025e54db0000, 0x0000025e55020000, 0x0000025e5c2e0000]
CodeHeap 'profiled nmethods': size=120000Kb used=5093Kb max_used=5093Kb free=114906Kb
 bounds [0x0000025e4d880000, 0x0000025e4dd80000, 0x0000025e54db0000]
CodeHeap 'non-nmethods': size=5760Kb used=1279Kb max_used=1298Kb free=4480Kb
 bounds [0x0000025e4d2e0000, 0x0000025e4d550000, 0x0000025e4d880000]
 total_blobs=3057 nmethods=2500 adapters=469
 compilation: enabled
              stopped_count=0, restarted_count=0
 full_count=0

Compilation events (20 events):
Event: 17.957 Thread 0x0000025e64369000 nmethod 2499 0x0000025e54ec1410 code [0x0000025e54ec15a0, 0x0000025e54ec1698]
Event: 17.964 Thread 0x0000025e64369000 2500   !   4       java.net.URL::<init> (543 bytes)
Event: 17.971 Thread 0x0000025e64377800 2501       3       java.util.regex.Matcher::find (35 bytes)
Event: 17.972 Thread 0x0000025e64377800 nmethod 2501 0x0000025e4dd71990 code [0x0000025e4dd71b80, 0x0000025e4dd71f58]
Event: 17.972 Thread 0x0000025e64377800 2503       3       java.util.stream.FindOps$FindOp::evaluateSequential (39 bytes)
Event: 17.972 Thread 0x0000025e64377800 nmethod 2503 0x0000025e4dd72110 code [0x0000025e4dd72300, 0x0000025e4dd728a8]
Event: 17.972 Thread 0x0000025e64377800 2504       3       java.util.Formatter$FixedString::<init> (26 bytes)
Event: 17.972 Thread 0x0000025e64377800 nmethod 2504 0x0000025e4dd72a10 code [0x0000025e4dd72bc0, 0x0000025e4dd72dd8]
Event: 17.972 Thread 0x0000025e64377800 2506       3       java.net.URI$Parser::checkChars (44 bytes)
Event: 17.973 Thread 0x0000025e64377800 nmethod 2506 0x0000025e4dd72e90 code [0x0000025e4dd73100, 0x0000025e4dd739e8]
Event: 17.973 Thread 0x0000025e64377800 2505       3       java.util.Formatter$FixedString::print (26 bytes)
Event: 17.973 Thread 0x0000025e64377800 nmethod 2505 0x0000025e4dd73d90 code [0x0000025e4dd73f40, 0x0000025e4dd74108]
Event: 17.973 Thread 0x0000025e64377800 2507       3       java.util.Properties::getProperty (16 bytes)
Event: 17.973 Thread 0x0000025e64377800 nmethod 2507 0x0000025e4dd74210 code [0x0000025e4dd743c0, 0x0000025e4dd745c8]
Event: 17.973 Thread 0x0000025e64377800 2508       1       jdk.internal.net.http.HttpRequestImpl::method (5 bytes)
Event: 17.973 Thread 0x0000025e64377800 nmethod 2508 0x0000025e54ec1790 code [0x0000025e54ec1940, 0x0000025e54ec19f8]
Event: 17.973 Thread 0x0000025e64377800 2509       3       jdk.internal.net.http.HttpClientImpl::isReferenced (24 bytes)
Event: 17.974 Thread 0x0000025e64377800 nmethod 2509 0x0000025e4dd74690 code [0x0000025e4dd74880, 0x0000025e4dd74cc8]
Event: 18.003 Thread 0x0000025e64377800 2510       3       jdk.internal.net.http.common.SequentialScheduler::isStopped (18 bytes)
Event: 18.004 Thread 0x0000025e64377800 nmethod 2510 0x0000025e4dd74e10 code [0x0000025e4dd74fc0, 0x0000025e4dd75138]

GC Heap History (4 events):
Event: 1.192 GC heap before
{Heap before GC invocations=0 (full 0):
 garbage-first heap   total 126976K, used 24576K [0x0000000084400000, 0x0000000100000000)
  region size 1024K, 24 young (24576K), 0 survivors (0K)
 Metaspace       used 14044K, capacity 14559K, committed 14848K, reserved 1062912K
  class space    used 1463K, capacity 1682K, committed 1792K, reserved 1048576K
}
Event: 1.197 GC heap after
{Heap after GC invocations=1 (full 0):
 garbage-first heap   total 126976K, used 5382K [0x0000000084400000, 0x0000000100000000)
  region size 1024K, 3 young (3072K), 3 survivors (3072K)
 Metaspace       used 14044K, capacity 14559K, committed 14848K, reserved 1062912K
  class space    used 1463K, capacity 1682K, committed 1792K, reserved 1048576K
}
Event: 2.140 GC heap before
{Heap before GC invocations=1 (full 0):
 garbage-first heap   total 126976K, used 34054K [0x0000000084400000, 0x0000000100000000)
  region size 1024K, 33 young (33792K), 3 survivors (3072K)
 Metaspace       used 20435K, capacity 21247K, committed 21296K, reserved 1069056K
  class space    used 2294K, capacity 2672K, committed 2688K, reserved 1048576K
}
Event: 2.148 GC heap after
{Heap after GC invocations=2 (full 0):
 garbage-first heap   total 126976K, used 7399K [0x0000000084400000, 0x0000000100000000)
  region size 1024K, 5 young (5120K), 5 survivors (5120K)
 Metaspace       used 20435K, capacity 21247K, committed 21296K, reserved 1069056K
  class space    used 2294K, capacity 2672K, committed 2688K, reserved 1048576K
}

Deoptimization events (20 events):
Event: 3.850 Thread 0x0000025e65555800 DEOPT PACKING pc=0x0000025e4dc18876 sp=0x000000ed912fcc80
Event: 3.850 Thread 0x0000025e65555800 DEOPT UNPACKING pc=0x0000025e4d329d0e sp=0x000000ed912fc1a0 mode 0
Event: 3.997 Thread 0x0000025e44bd0800 Uncommon trap: trap_request=0xffffff4d fr.pc=0x0000025e54e626c8 relative=0x0000000000003188
Event: 3.997 Thread 0x0000025e44bd0800 Uncommon trap: reason=unstable_if action=reinterpret pc=0x0000025e54e626c8 method=jdk.internal.loader.URLClassPath$FileLoader.getResource(Ljava/lang/String;Z)Ljdk/internal/loader/Resource; @ 139 c2
Event: 3.997 Thread 0x0000025e44bd0800 DEOPT PACKING pc=0x0000025e54e626c8 sp=0x000000ed8f4fcc90
Event: 3.997 Thread 0x0000025e44bd0800 DEOPT UNPACKING pc=0x0000025e4d2e85af sp=0x000000ed8f4fcc38 mode 2
Event: 11.383 Thread 0x0000025e44bd0800 DEOPT PACKING pc=0x0000025e4db6509f sp=0x000000ed8f4fc6e0
Event: 11.383 Thread 0x0000025e44bd0800 DEOPT UNPACKING pc=0x0000025e4d329d0e sp=0x000000ed8f4fbb90 mode 0
Event: 14.438 Thread 0x0000025e44bd0800 Uncommon trap: trap_request=0xffffff4d fr.pc=0x0000025e54e77af4 relative=0x0000000000000354
Event: 14.438 Thread 0x0000025e44bd0800 Uncommon trap: reason=unstable_if action=reinterpret pc=0x0000025e54e77af4 method=java.util.HashMap$HashIterator.<init>(Ljava/util/HashMap;)V @ 45 c2
Event: 14.438 Thread 0x0000025e44bd0800 DEOPT PACKING pc=0x0000025e54e77af4 sp=0x000000ed8f4fd640
Event: 14.438 Thread 0x0000025e44bd0800 DEOPT UNPACKING pc=0x0000025e4d2e85af sp=0x000000ed8f4fd5f8 mode 2
Event: 17.579 Thread 0x0000025e44bd0800 Uncommon trap: trap_request=0xffffffcc fr.pc=0x0000025e54ea05f8 relative=0x00000000000002b8
Event: 17.579 Thread 0x0000025e44bd0800 Uncommon trap: reason=intrinsic_or_type_checked_inlining action=make_not_entrant pc=0x0000025e54ea05f8 method=java.util.Arrays.copyOf([Ljava/lang/Object;ILjava/lang/Class;)[Ljava/lang/Object; @ 35 c2
Event: 17.579 Thread 0x0000025e44bd0800 DEOPT PACKING pc=0x0000025e54ea05f8 sp=0x000000ed8f4fe750
Event: 17.579 Thread 0x0000025e44bd0800 DEOPT UNPACKING pc=0x0000025e4d2e85af sp=0x000000ed8f4fe6e0 mode 2
Event: 17.906 Thread 0x0000025e44bd0800 Uncommon trap: trap_request=0x0000003a fr.pc=0x0000025e54eb948c relative=0x000000000000012c
Event: 17.906 Thread 0x0000025e44bd0800 Uncommon trap: reason=unloaded action=reinterpret pc=0x0000025e54eb948c method=org.openqa.selenium.json.Input.fill()Z @ 60 c2
Event: 17.906 Thread 0x0000025e44bd0800 DEOPT PACKING pc=0x0000025e54eb948c sp=0x000000ed8f4fc8c0
Event: 17.906 Thread 0x0000025e44bd0800 DEOPT UNPACKING pc=0x0000025e4d2e85af sp=0x000000ed8f4fc838 mode 2

Classes redefined (0 events):
No events

Internal exceptions (20 events):
Event: 2.184 Thread 0x0000025e44bd0800 Exception <a 'sun/nio/fs/WindowsException'{0x000000008be3d390}> (0x000000008be3d390) thrown at [./src/hotspot/share/prims/jni.cpp, line 615]
Event: 2.185 Thread 0x0000025e44bd0800 Exception <a 'java/lang/NoSuchMethodError'{0x000000008be3ec08}: 'int java.lang.invoke.DirectMethodHandle$Holder.invokeSpecialIFC(java.lang.Object, java.lang.Object, int)'> (0x000000008be3ec08) thrown at [./src/hotspot/share/interpreter/linkResolver.cpp, line 773]
Event: 2.192 Thread 0x0000025e44bd0800 Exception <a 'java/lang/NoSuchMethodError'{0x000000008be5f9b0}: 'int java.lang.invoke.DirectMethodHandle$Holder.invokeStaticInit(java.lang.Object, java.lang.Object, java.lang.Object, java.lang.Object)'> (0x000000008be5f9b0) thrown at [./src/hotspot/share/interpreter/linkResolver.cpp, line 773]
Event: 2.315 Thread 0x0000025e44bd0800 Exception <a 'java/lang/NoSuchMethodError'{0x000000008b556d50}: 'java.lang.Object java.lang.invoke.DirectMethodHandle$Holder.invokeInterface(java.lang.Object, java.lang.Object, java.lang.Object)'> (0x000000008b556d50) thrown at [./src/hotspot/share/interpreter/linkResolver.cpp, line 773]
Event: 2.315 Thread 0x0000025e44bd0800 Exception <a 'java/lang/IncompatibleClassChangeError'{0x000000008b559cd8}: Found class java.lang.Object, but interface was expected> (0x000000008b559cd8) thrown at [./src/hotspot/share/interpreter/linkResolver.cpp, line 839]
Event: 2.316 Thread 0x0000025e44bd0800 Exception <a 'java/lang/NoSuchMethodError'{0x000000008b561cd8}: 'int java.lang.invoke.DirectMethodHandle$Holder.invokeSpecialIFC(java.lang.Object, java.lang.Object, java.lang.Object, java.lang.Object)'> (0x000000008b561cd8) thrown at [./src/hotspot/share/interpreter/linkResolver.cpp, line 773]
Event: 2.318 Thread 0x0000025e44bd0800 Exception <a 'java/lang/NoSuchMethodError'{0x000000008b58cd28}: 'java.lang.Object java.lang.invoke.DirectMethodHandle$Holder.invokeVirtual(java.lang.Object, java.lang.Object, java.lang.Object, java.lang.Object)'> (0x000000008b58cd28) thrown at [./src/hotspot/share/interpreter/linkResolver.cpp, line 773]
Event: 2.842 Thread 0x0000025e644dd000 Exception <a 'java/net/SocketTimeoutException'{0x000000008b47fa18}: connect timed out> (0x000000008b47fa18) thrown at [./src/hotspot/share/prims/jni.cpp, line 636]
Event: 2.878 Thread 0x0000025e44bd0800 Exception <a 'java/lang/NoSuchMethodError'{0x000000008b356f28}: 'java.lang.Object java.lang.invoke.Invokers$Holder.linkToTargetMethod(java.lang.Object, int, int, java.lang.Object)'> (0x000000008b356f28) thrown at [./src/hotspot/share/interpreter/linkResolver.cpp, line 773]
Event: 2.879 Thread 0x0000025e44bd0800 Exception <a 'java/lang/NoSuchMethodError'{0x000000008b359fc0}: 'void java.lang.invoke.DirectMethodHandle$Holder.invokeStatic(java.lang.Object, java.lang.Object, int)'> (0x000000008b359fc0) thrown at [./src/hotspot/share/interpreter/linkResolver.cpp, line 773]
Event: 2.926 Thread 0x0000025e65550000 Exception <a 'java/lang/NoSuchMethodError'{0x000000008b180b10}: 'java.lang.Object java.lang.invoke.DirectMethodHandle$Holder.invokeSpecial(java.lang.Object, java.lang.Object, int, int, java.lang.Object, java.lang.Object, int)'> (0x000000008b180b10) thrown at [./src/hotspot/share/interpreter/linkResolver.cpp, line 773]
Event: 2.927 Thread 0x0000025e65550000 Exception <a 'java/lang/NoSuchMethodError'{0x000000008b183fa0}: 'java.lang.Object java.lang.invoke.DelegatingMethodHandle$Holder.reinvoke_L(java.lang.Object, int, int, java.lang.Object, java.lang.Object, int)'> (0x000000008b183fa0) thrown at [./src/hotspot/share/interpreter/linkResolver.cpp, line 773]
Event: 2.927 Thread 0x0000025e65550000 Exception <a 'java/lang/NoSuchMethodError'{0x000000008b194cf8}: 'java.lang.Object java.lang.invoke.DirectMethodHandle$Holder.invokeSpecial(java.lang.Object, java.lang.Object, java.lang.Object, java.lang.Object, int)'> (0x000000008b194cf8) thrown at [./src/hotspot/share/interpreter/linkResolver.cpp, line 773]
Event: 2.927 Thread 0x0000025e65550000 Exception <a 'java/lang/NoSuchMethodError'{0x000000008b197d60}: 'java.lang.Object java.lang.invoke.Invokers$Holder.linkToTargetMethod(java.lang.Object, java.lang.Object, int, java.lang.Object)'> (0x000000008b197d60) thrown at [./src/hotspot/share/interpreter/linkResolver.cpp, line 773]
Event: 2.943 Thread 0x0000025e65550000 Exception <a 'java/lang/NoSuchMethodError'{0x000000008b1f2f38}: 'void java.lang.invoke.DirectMethodHandle$Holder.invokeSpecial(java.lang.Object, java.lang.Object, java.lang.Object, java.lang.Object, java.lang.Object)'> (0x000000008b1f2f38) thrown at [./src/hotspot/share/interpreter/linkResolver.cpp, line 773]
Event: 2.946 Thread 0x0000025e65550000 Exception <a 'java/lang/NoSuchMethodError'{0x000000008b016638}: 'long java.lang.invoke.DirectMethodHandle$Holder.invokeStatic(java.lang.Object, long, long)'> (0x000000008b016638) thrown at [./src/hotspot/share/interpreter/linkResolver.cpp, line 773]
Event: 3.863 Thread 0x0000025e65555800 Exception <a 'java/lang/NoSuchMethodError'{0x000000008af655c8}: 'void java.lang.invoke.DirectMethodHandle$Holder.invokeSpecial(java.lang.Object, java.lang.Object, java.lang.Object, java.lang.Object, java.lang.Object, java.lang.Object, java.lang.Object)'> (0x000000008af655c8) thrown at [./src/hotspot/share/interpreter/linkResolver.cpp, line 773]
Event: 3.874 Thread 0x0000025e44bd0800 Exception <a 'java/lang/NoSuchMethodError'{0x000000008b2532f0}: 'java.lang.Object java.lang.invoke.DirectMethodHandle$Holder.invokeSpecialIFC(java.lang.Object, java.lang.Object, java.lang.Object)'> (0x000000008b2532f0) thrown at [./src/hotspot/share/interpreter/linkResolver.cpp, line 773]
Event: 17.581 Thread 0x0000025e44bd0800 Exception <a 'sun/nio/fs/WindowsException'{0x000000008a7fd5a8}> (0x000000008a7fd5a8) thrown at [./src/hotspot/share/prims/jni.cpp, line 615]
Event: 17.956 Thread 0x0000025e44bd0800 Exception <a 'sun/nio/fs/WindowsException'{0x000000008a4844d8}> (0x000000008a4844d8) thrown at [./src/hotspot/share/prims/jni.cpp, line 615]

Events (20 events):
Event: 17.967 loading class com/aventstack/extentreports/model/Log done
Event: 17.967 loading class com/aventstack/extentreports/Status
Event: 17.967 loading class com/aventstack/extentreports/Status done
Event: 17.968 loading class com/aventstack/extentreports/observer/entity/LogEntity
Event: 17.968 loading class com/aventstack/extentreports/observer/entity/LogEntity done
Event: 17.968 loading class com/aventstack/extentreports/observer/entity/LogEntity$LogEntityBuilder
Event: 17.968 loading class com/aventstack/extentreports/observer/entity/LogEntity$LogEntityBuilder done
Event: 17.969 loading class com/aventstack/extentreports/model/ScreenCapture$ScreenCaptureBuilder
Event: 17.969 loading class com/aventstack/extentreports/model/ScreenCapture$ScreenCaptureBuilder done
Event: 17.969 loading class com/aventstack/extentreports/model/Media$MediaType
Event: 17.969 loading class com/aventstack/extentreports/model/Media$MediaType done
Event: 17.970 loading class com/aventstack/extentreports/model/service/MediaService
Event: 17.970 loading class com/aventstack/extentreports/model/service/MediaService done
Event: 17.970 loading class com/aventstack/extentreports/observer/entity/MediaEntity
Event: 17.970 loading class com/aventstack/extentreports/observer/entity/MediaEntity done
Event: 17.971 loading class com/aventstack/extentreports/observer/entity/MediaEntity$MediaEntityBuilder
Event: 17.971 loading class com/aventstack/extentreports/observer/entity/MediaEntity$MediaEntityBuilder done
Event: 18.004 Executing VM operation: RevokeBias
Event: 18.004 Executing VM operation: RevokeBias done
Event: 18.004 Executing VM operation: RevokeBias


Dynamic libraries:
0x00007ff74dbf0000 - 0x00007ff74dbfd000 	C:\Program Files\Microsoft\jdk-11.0.12.7-hotspot\bin\java.exe
0x00007ff9c77f0000 - 0x00007ff9c79e8000 	C:\Windows\SYSTEM32\ntdll.dll
0x00007ff9c76b0000 - 0x00007ff9c7772000 	C:\Windows\System32\KERNEL32.DLL
0x00007ff9c54e0000 - 0x00007ff9c57de000 	C:\Windows\System32\KERNELBASE.dll
0x00007ff9c53e0000 - 0x00007ff9c54e0000 	C:\Windows\System32\ucrtbase.dll
0x00007ff984b60000 - 0x00007ff984b75000 	C:\Program Files\Microsoft\jdk-11.0.12.7-hotspot\bin\VCRUNTIME140.dll
0x00007ff986ef0000 - 0x00007ff986f07000 	C:\Program Files\Microsoft\jdk-11.0.12.7-hotspot\bin\jli.dll
0x00007ff9c6890000 - 0x00007ff9c6a2d000 	C:\Windows\System32\USER32.dll
0x00007ff9c50b0000 - 0x00007ff9c50d2000 	C:\Windows\System32\win32u.dll
0x00007ff9c6860000 - 0x00007ff9c688b000 	C:\Windows\System32\GDI32.dll
0x00007ff9c4f60000 - 0x00007ff9c5077000 	C:\Windows\System32\gdi32full.dll
0x00007ff9aacd0000 - 0x00007ff9aaf6a000 	C:\Windows\WinSxS\amd64_microsoft.windows.common-controls_6595b64144ccf1df_6.0.19041.4355_none_60b8b9eb71f62e16\COMCTL32.dll
0x00007ff9c5340000 - 0x00007ff9c53dd000 	C:\Windows\System32\msvcp_win.dll
0x00007ff9c6a30000 - 0x00007ff9c6ace000 	C:\Windows\System32\msvcrt.dll
0x00007ff9c74c0000 - 0x00007ff9c74ef000 	C:\Windows\System32\IMM32.DLL
0x00007ff96b7c0000 - 0x00007ff96b85b000 	C:\Program Files\Microsoft\jdk-11.0.12.7-hotspot\bin\msvcp140.dll
0x00007ff960b80000 - 0x00007ff9616e1000 	C:\Program Files\Microsoft\jdk-11.0.12.7-hotspot\bin\server\jvm.dll
0x00007ff9c63a0000 - 0x00007ff9c6451000 	C:\Windows\System32\ADVAPI32.dll
0x00007ff9c6300000 - 0x00007ff9c639f000 	C:\Windows\System32\sechost.dll
0x00007ff9c7090000 - 0x00007ff9c71b3000 	C:\Windows\System32\RPCRT4.dll
0x00007ff9c5080000 - 0x00007ff9c50a7000 	C:\Windows\System32\bcrypt.dll
0x00007ff9c64e0000 - 0x00007ff9c64e8000 	C:\Windows\System32\PSAPI.DLL
0x00007ff99eba0000 - 0x00007ff99eba9000 	C:\Windows\SYSTEM32\WSOCK32.dll
0x00007ff9b96c0000 - 0x00007ff9b96ca000 	C:\Windows\SYSTEM32\VERSION.dll
0x00007ff9b4a50000 - 0x00007ff9b4a77000 	C:\Windows\SYSTEM32\WINMM.dll
0x00007ff9c71c0000 - 0x00007ff9c722b000 	C:\Windows\System32\WS2_32.dll
0x00007ff9c3640000 - 0x00007ff9c3652000 	C:\Windows\SYSTEM32\kernel.appcore.dll
0x00007ff9ab6f0000 - 0x00007ff9ab700000 	C:\Program Files\Microsoft\jdk-11.0.12.7-hotspot\bin\verify.dll
0x00007ff9c29e0000 - 0x00007ff9c2bc4000 	C:\Windows\SYSTEM32\DBGHELP.DLL
0x00007ff99ee40000 - 0x00007ff99ee74000 	C:\Windows\SYSTEM32\dbgcore.DLL
0x00007ff9c4ed0000 - 0x00007ff9c4f52000 	C:\Windows\System32\bcryptPrimitives.dll
0x00007ff9848d0000 - 0x00007ff9848f8000 	C:\Program Files\Microsoft\jdk-11.0.12.7-hotspot\bin\java.dll
0x00007ff993d50000 - 0x00007ff993d5a000 	C:\Program Files\Microsoft\jdk-11.0.12.7-hotspot\bin\jimage.dll
0x00007ff9891f0000 - 0x00007ff9891fe000 	C:\Program Files\Microsoft\jdk-11.0.12.7-hotspot\bin\instrument.dll
0x00007ff9847f0000 - 0x00007ff984807000 	C:\Program Files\Microsoft\jdk-11.0.12.7-hotspot\bin\zip.dll
0x00007ff9c5900000 - 0x00007ff9c606d000 	C:\Windows\System32\SHELL32.dll
0x00007ff9c2bd0000 - 0x00007ff9c3374000 	C:\Windows\SYSTEM32\windows.storage.dll
0x00007ff9c6500000 - 0x00007ff9c6853000 	C:\Windows\System32\combase.dll
0x00007ff9c47b0000 - 0x00007ff9c47de000 	C:\Windows\SYSTEM32\Wldp.dll
0x00007ff9c6070000 - 0x00007ff9c613d000 	C:\Windows\System32\OLEAUT32.dll
0x00007ff9c7550000 - 0x00007ff9c75fd000 	C:\Windows\System32\SHCORE.dll
0x00007ff9c6480000 - 0x00007ff9c64d5000 	C:\Windows\System32\shlwapi.dll
0x00007ff9c4d90000 - 0x00007ff9c4db4000 	C:\Windows\SYSTEM32\profapi.dll
0x00007ff9847d0000 - 0x00007ff9847e9000 	C:\Program Files\Microsoft\jdk-11.0.12.7-hotspot\bin\net.dll
0x00007ff9bbca0000 - 0x00007ff9bbdad000 	C:\Windows\SYSTEM32\WINHTTP.dll
0x00007ff9c4520000 - 0x00007ff9c458a000 	C:\Windows\system32\mswsock.dll
0x00007ff983dd0000 - 0x00007ff983de2000 	C:\Program Files\Microsoft\jdk-11.0.12.7-hotspot\bin\nio.dll
0x00007ff977fa0000 - 0x00007ff977fba000 	C:\Program Files\JetBrains\IntelliJ IDEA Community Edition 2024.2.3\bin\breakgen64.dll
0x00007ff9c47f0000 - 0x00007ff9c4808000 	C:\Windows\SYSTEM32\CRYPTSP.dll
0x00007ff9c3e00000 - 0x00007ff9c3e34000 	C:\Windows\system32\rsaenh.dll
0x00007ff9c4d10000 - 0x00007ff9c4d3e000 	C:\Windows\SYSTEM32\USERENV.dll
0x00007ff9c46b0000 - 0x00007ff9c46bc000 	C:\Windows\SYSTEM32\CRYPTBASE.dll
0x00007ff9c4220000 - 0x00007ff9c425b000 	C:\Windows\SYSTEM32\IPHLPAPI.DLL
0x00007ff9c64f0000 - 0x00007ff9c64f8000 	C:\Windows\System32\NSI.dll
0x00007ff9b96f0000 - 0x00007ff9b9707000 	C:\Windows\SYSTEM32\dhcpcsvc6.DLL
0x00007ff9b96d0000 - 0x00007ff9b96ed000 	C:\Windows\SYSTEM32\dhcpcsvc.DLL
0x00007ff9c4260000 - 0x00007ff9c432a000 	C:\Windows\SYSTEM32\DNSAPI.dll
0x00007ff9b9650000 - 0x00007ff9b965a000 	C:\Windows\System32\rasadhlp.dll
0x00007ff9b4450000 - 0x00007ff9b44d0000 	C:\Windows\System32\fwpuclnt.dll
0x00007ff9816f0000 - 0x00007ff9816fe000 	C:\Program Files\Microsoft\jdk-11.0.12.7-hotspot\bin\sunmscapi.dll
0x00007ff9c50e0000 - 0x00007ff9c523c000 	C:\Windows\System32\CRYPT32.dll
0x00007ff9c4900000 - 0x00007ff9c4927000 	C:\Windows\SYSTEM32\ncrypt.dll
0x00007ff9c48c0000 - 0x00007ff9c48fb000 	C:\Windows\SYSTEM32\NTASN1.dll
0x00007ff977ba0000 - 0x00007ff977bc5000 	C:\Program Files\Microsoft\jdk-11.0.12.7-hotspot\bin\sunec.dll
0x00007ff9c40b0000 - 0x00007ff9c40e3000 	C:\Windows\SYSTEM32\ntmarta.dll

dbghelp: loaded successfully - version: 4.0.5 - missing functions: none
symbol engine: initialized successfully - sym options: 0x614 - pdb path: .;C:\Program Files\Microsoft\jdk-11.0.12.7-hotspot\bin;C:\Windows\SYSTEM32;C:\Windows\WinSxS\amd64_microsoft.windows.common-controls_6595b64144ccf1df_6.0.19041.4355_none_60b8b9eb71f62e16;C:\Program Files\Microsoft\jdk-11.0.12.7-hotspot\bin\server;C:\Program Files\JetBrains\IntelliJ IDEA Community Edition 2024.2.3\bin

VM Arguments:
jvm_args: -ea -Didea.test.cyclic.buffer.size=1048576 -javaagent:C:\Program Files\JetBrains\IntelliJ IDEA Community Edition 2024.2.3\lib\idea_rt.jar=61868:C:\Program Files\JetBrains\IntelliJ IDEA Community Edition 2024.2.3\bin -Dfile.encoding=UTF-8 
java_command: com.intellij.rt.testng.RemoteTestNGStarter -usedefaultlisteners false -socket61867 @w@C:\Users\KALHAN\AppData\Local\Temp\idea_working_dirs_testng.tmp -temp C:\Users\KALHAN\AppData\Local\Temp\idea_testng.tmp
java_class_path (initial): C:\Program Files\JetBrains\IntelliJ IDEA Community Edition 2024.2.3\lib\idea_rt.jar;C:\Program Files\JetBrains\IntelliJ IDEA Community Edition 2024.2.3\plugins\testng\lib\testng-rt.jar;C:\Users\KALHAN\dev\MIT4201_Assignment_III\target\test-classes;C:\Users\KALHAN\dev\MIT4201_Assignment_III\target\classes;C:\Users\KALHAN\.m2\repository\org\seleniumhq\selenium\selenium-java\4.27.0\selenium-java-4.27.0.jar;C:\Users\KALHAN\.m2\repository\org\seleniumhq\selenium\selenium-api\4.27.0\selenium-api-4.27.0.jar;C:\Users\KALHAN\.m2\repository\org\jspecify\jspecify\1.0.0\jspecify-1.0.0.jar;C:\Users\KALHAN\.m2\repository\org\seleniumhq\selenium\selenium-chrome-driver\4.27.0\selenium-chrome-driver-4.27.0.jar;C:\Users\KALHAN\.m2\repository\com\google\auto\service\auto-service-annotations\1.1.1\auto-service-annotations-1.1.1.jar;C:\Users\KALHAN\.m2\repository\org\seleniumhq\selenium\selenium-chromium-driver\4.27.0\selenium-chromium-driver-4.27.0.jar;C:\Users\KALHAN\.m2\repository\org\seleniumhq\selenium\selenium-json\4.27.0\selenium-json-4.27.0.jar;C:\Users\KALHAN\.m2\repository\org\seleniumhq\selenium\selenium-manager\4.27.0\selenium-manager-4.27.0.jar;C:\Users\KALHAN\.m2\repository\org\seleniumhq\selenium\selenium-devtools-v129\4.27.0\selenium-devtools-v129-4.27.0.jar;C:\Users\KALHAN\.m2\repository\org\seleniumhq\selenium\selenium-devtools-v130\4.27.0\selenium-devtools-v130-4.27.0.jar;C:\Users\KALHAN\.m2\repository\org\seleniumhq\selenium\selenium-devtools-v131\4.27.0\selenium-devtools-v131-4.27.0.jar;C:\Users\KALHAN\.m2\repository\org\seleniumhq\selenium\selenium-devtools-v85\4.27.0\selenium-devtools-v85-4.27.0.jar;C:\Users\KALHAN\.m2\repository\org\seleniumhq\selenium\selenium-edge-driver\4.27.0\selenium-edge-driver-4.27.0.jar;C:\Users\KALHAN\.m2\repository\org\seleniumhq\selenium\selenium-firefox-driver\4.27.0\selenium-firefox-driver-4.27.0.jar;C:\Users\KALHAN\.m2\repository\org\seleniumhq\selenium\selenium-http\4.27.0\selenium-http-4.27.0.jar;C:\Us
Launcher Type: SUN_STANDARD

[Global flags]
     intx CICompilerCount                          = 4                                         {product} {ergonomic}
     uint ConcGCThreads                            = 2                                         {product} {ergonomic}
     uint G1ConcRefinementThreads                  = 8                                         {product} {ergonomic}
   size_t G1HeapRegionSize                         = 1048576                                   {product} {ergonomic}
    uintx GCDrainStackTargetSize                   = 64                                        {product} {ergonomic}
   size_t InitialHeapSize                          = 130023424                                 {product} {ergonomic}
   size_t MarkStackSize                            = 4194304                                   {product} {ergonomic}
   size_t MaxHeapSize                              = 2076180480                                {product} {ergonomic}
   size_t MaxNewSize                               = 1245708288                                {product} {ergonomic}
   size_t MinHeapDeltaBytes                        = 1048576                                   {product} {ergonomic}
    uintx NonNMethodCodeHeapSize                   = 5836300                                {pd product} {ergonomic}
    uintx NonProfiledCodeHeapSize                  = 122910970                              {pd product} {ergonomic}
    uintx ProfiledCodeHeapSize                     = 122910970                              {pd product} {ergonomic}
    uintx ReservedCodeCacheSize                    = 251658240                              {pd product} {ergonomic}
     bool SegmentedCodeCache                       = true                                      {product} {ergonomic}
     bool UseCompressedClassPointers               = true                                 {lp64_product} {ergonomic}
     bool UseCompressedOops                        = true                                 {lp64_product} {ergonomic}
     bool UseG1GC                                  = true                                      {product} {ergonomic}
     bool UseLargePagesIndividualAllocation        = false                                  {pd product} {ergonomic}

Logging:
Log output configuration:
 #0: stdout all=warning uptime,level,tags
 #1: stderr all=off uptime,level,tags

Environment Variables:
JAVA_HOME=C:\Program Files\Java\jdk-21
PATH=C:\Program Files\Common Files\Oracle\Java\javapath;C:\Program Files\Microsoft\jdk-11.0.12.7-hotspot\bin;C:\Program Files (x86)\Cuminas\Document Express DjVu Plug-in\;C:\Windows\system32;C:\Windows;C:\Windows\System32\Wbem;C:\Windows\System32\WindowsPowerShell\v1.0\;C:\Windows\System32\OpenSSH\;C:\Program Files\NVIDIA Corporation\NVIDIA NvDLISR;C:\Program Files\Microsoft SQL Server\Client SDK\ODBC\110\Tools\Binn\;C:\Program Files (x86)\Microsoft SQL Server\120\Tools\Binn\;C:\Program Files\Microsoft SQL Server\120\Tools\Binn\;C:\Program Files\Microsoft SQL Server\120\DTS\Binn\;C:\Program Files (x86)\Windows Kits\8.1\Windows Performance Toolkit\;C:\Program Files\TortoiseGit\bin;C:\Program Files\Calibre2\;C:\Program Files\Microsoft SQL Server\150\Tools\Binn\;C:\Program Files\Microsoft SQL Server\Client SDK\ODBC\170\Tools\Binn\;C:\Program Files\dotnet\;C:\ProgramData\chocolatey\bin;C:\Program Files\gs\gs9.56.1\bin;C:\Program Files (x86)\Microchip\MPLAB C32 Suite\bin;C:\Program Files\Microchip\xc8\v2.35\bin;C:\Program Files\OpenSSL-Win64\bin;C:\Program Files\Git\cmd;C:\Program Files\Java\jdk-17\bin;C:\MinGW\bin;C:\Program Files\Java\jdk-21\bin;C:\Users\KALHAN\AppData\Local\Programs\Python\Python310\Scripts\;C:\Users\KALHAN\AppData\Local\Programs\Python\Python310\;C:\Program Files (x86)\Microchip\mplabc18\v3.47\mpasm;C:\Program Files (x86)\Microchip\mplabc18\v3.47\bin;C:\Program Files (x86)\GNU Arm Embedded Toolchain\10 2021.10\bin;C:\Program Files\MySQL\MySQL Shell 8.0\bin\;C:\Users\KALHAN\AppData\Local\Microsoft\WindowsApps;C:\Program Files\JetBrains\PyCharm Community Edition 2020.3.4\bin;;C:\Users\KALHAN\.dotnet\tools;C:\Users\KALHAN\AppData\Local\Programs\Microsoft VS Code\bin;C:\flutter\bin\cache\dart-sdk\bin;C:\flutter\bin;;C:\Program Files\JetBrains\IntelliJ IDEA Community Edition 2024.2.3\bin;;C:\Users\KALHAN\AppData\Local\Muse Hub\lib
USERNAME=KALHAN
OS=Windows_NT
PROCESSOR_IDENTIFIER=Intel64 Family 6 Model 140 Stepping 1, GenuineIntel



---------------  S Y S T E M  ---------------

OS: Windows 10 , 64 bit Build 19041 (10.0.19041.5198)
OS uptime: 1 days 12:46 hours
Hyper-V role detected

CPU:total 8 (initial active 8) (4 cores per cpu, 2 threads per core) family 6 model 140 stepping 1 microcode 0xb8, cmov, cx8, fxsr, mmx, sse, sse2, sse3, ssse3, sse4.1, sse4.2, popcnt, avx, avx2, aes, clmul, erms, 3dnowpref, lzcnt, ht, tsc, tscinvbit, bmi1, bmi2, adx, evex, sha, fma

Memory: 4k page, system-wide physical 7914M (207M free)
TotalPageFile size 16677M (AvailPageFile size 0M)
current process WorkingSet (physical memory assigned to process): 127M, peak: 128M
current process commit charge ("private bytes"): 245M, peak: 251M

vm_info: OpenJDK 64-Bit Server VM (11.0.12+7) for windows-amd64 JRE (11.0.12+7), built on Jul 21 2021 15:41:43 by "" with unknown MS VC++:1916

END.
